20211015_204550.254 task_Yaropolov_Oleg_web_service_log DEBUG start processing query: python yu
20211015_204552.653 task_Yaropolov_Oleg_web_service_log INFO found 303 articles for query: python yu
20211015_204552.654 task_Yaropolov_Oleg_web_service_log DEBUG finish processing query: python yu
20211015_204552.657 task_Yaropolov_Oleg_web_service_log DEBUG start processing query: python test
20211015_204553.581 task_Yaropolov_Oleg_web_service_log INFO found 2456 articles for query: python test
20211015_204553.582 task_Yaropolov_Oleg_web_service_log DEBUG finish processing query: python test
20211015_204553.584 task_Yaropolov_Oleg_web_service_log DEBUG start processing query: python semantic
20211015_204554.336 task_Yaropolov_Oleg_web_service_log INFO found 383 articles for query: python semantic
20211015_204554.337 task_Yaropolov_Oleg_web_service_log DEBUG finish processing query: python semantic
20211015_204554.339 task_Yaropolov_Oleg_web_service_log DEBUG start processing query: python test
20211015_204555.043 task_Yaropolov_Oleg_web_service_log INFO found 2456 articles for query: python test
20211015_204555.043 task_Yaropolov_Oleg_web_service_log DEBUG finish processing query: python test
20211015_204555.046 task_Yaropolov_Oleg_web_service_log DEBUG start processing query: python redner
20211015_204555.811 task_Yaropolov_Oleg_web_service_log INFO found 1 articles for query: python redner
20211015_204555.811 task_Yaropolov_Oleg_web_service_log DEBUG finish processing query: python redner
20211015_204555.814 task_Yaropolov_Oleg_web_service_log DEBUG start processing query: python test
20211015_204556.901 task_Yaropolov_Oleg_web_service_log INFO found 2456 articles for query: python test
20211015_204556.902 task_Yaropolov_Oleg_web_service_log DEBUG finish processing query: python test
20211015_204556.909 task_Yaropolov_Oleg_web_service_log DEBUG start processing query: python melkeTest
20211015_204557.641 task_Yaropolov_Oleg_web_service_log INFO found 0 articles for query: python melkeTest
20211015_204557.642 task_Yaropolov_Oleg_web_service_log DEBUG finish processing query: python melkeTest
20211015_204557.644 task_Yaropolov_Oleg_web_service_log DEBUG start processing query: python test
20211015_204558.583 task_Yaropolov_Oleg_web_service_log INFO found 2456 articles for query: python test
20211015_204558.583 task_Yaropolov_Oleg_web_service_log DEBUG finish processing query: python test
20211015_204558.586 task_Yaropolov_Oleg_web_service_log DEBUG start processing query: python upload
20211015_204559.594 task_Yaropolov_Oleg_web_service_log INFO found 217 articles for query: python upload
20211015_204559.594 task_Yaropolov_Oleg_web_service_log DEBUG finish processing query: python upload
20211015_204559.597 task_Yaropolov_Oleg_web_service_log DEBUG start processing query: python pypi
20211015_204600.586 task_Yaropolov_Oleg_web_service_log INFO found 91 articles for query: python pypi
20211015_204600.586 task_Yaropolov_Oleg_web_service_log DEBUG finish processing query: python pypi
20211015_204600.589 task_Yaropolov_Oleg_web_service_log DEBUG start processing query: python test_client
20211015_204601.471 task_Yaropolov_Oleg_web_service_log INFO found 452 articles for query: python test_client
20211015_204601.471 task_Yaropolov_Oleg_web_service_log DEBUG finish processing query: python test_client
20211015_204601.474 task_Yaropolov_Oleg_web_service_log DEBUG start processing query: python overtest
20211015_204602.203 task_Yaropolov_Oleg_web_service_log INFO found 0 articles for query: python overtest
20211015_204602.203 task_Yaropolov_Oleg_web_service_log DEBUG finish processing query: python overtest
20211015_204602.206 task_Yaropolov_Oleg_web_service_log DEBUG start processing query: python pytest
20211015_204602.981 task_Yaropolov_Oleg_web_service_log INFO found 4 articles for query: python pytest
20211015_204602.981 task_Yaropolov_Oleg_web_service_log DEBUG finish processing query: python pytest
20211015_204602.983 task_Yaropolov_Oleg_web_service_log DEBUG start processing query: python sentry
20211015_204603.714 task_Yaropolov_Oleg_web_service_log INFO found 77 articles for query: python sentry
20211015_204603.715 task_Yaropolov_Oleg_web_service_log DEBUG finish processing query: python sentry
20211015_204603.717 task_Yaropolov_Oleg_web_service_log DEBUG start processing query: python wix
20211015_204604.604 task_Yaropolov_Oleg_web_service_log INFO found 13 articles for query: python wix
20211015_204604.605 task_Yaropolov_Oleg_web_service_log DEBUG finish processing query: python wix
20211015_204604.606 task_Yaropolov_Oleg_web_service_log DEBUG start processing query: python protos
20211015_204605.474 task_Yaropolov_Oleg_web_service_log INFO found 136 articles for query: python protos
20211015_204605.474 task_Yaropolov_Oleg_web_service_log DEBUG finish processing query: python protos
20211015_204605.477 task_Yaropolov_Oleg_web_service_log DEBUG start processing query: python proto
20211015_204606.295 task_Yaropolov_Oleg_web_service_log INFO found 136 articles for query: python proto
20211015_204606.296 task_Yaropolov_Oleg_web_service_log DEBUG finish processing query: python proto
20211015_204606.298 task_Yaropolov_Oleg_web_service_log DEBUG start processing query: python latest
20211015_204607.062 task_Yaropolov_Oleg_web_service_log INFO found 1092 articles for query: python latest
20211015_204607.062 task_Yaropolov_Oleg_web_service_log DEBUG finish processing query: python latest
20211015_204607.076 task_Yaropolov_Oleg_web_service_log DEBUG start processing query: python greatest
20211015_204608.062 task_Yaropolov_Oleg_web_service_log INFO found 1038 articles for query: python greatest
20211015_204608.062 task_Yaropolov_Oleg_web_service_log DEBUG finish processing query: python greatest
20211015_204608.067 task_Yaropolov_Oleg_web_service_log DEBUG start processing query: python example
20211015_204609.022 task_Yaropolov_Oleg_web_service_log INFO found 3982 articles for query: python example
20211015_204609.022 task_Yaropolov_Oleg_web_service_log DEBUG finish processing query: python example
20211015_204609.025 task_Yaropolov_Oleg_web_service_log DEBUG start processing query: python api
20211015_204609.882 task_Yaropolov_Oleg_web_service_log INFO found 1244 articles for query: python api
20211015_204609.883 task_Yaropolov_Oleg_web_service_log DEBUG finish processing query: python api
20211015_204609.885 task_Yaropolov_Oleg_web_service_log DEBUG start processing query: python odoo11
20211015_204610.641 task_Yaropolov_Oleg_web_service_log INFO found 6 articles for query: python odoo11
20211015_204610.641 task_Yaropolov_Oleg_web_service_log DEBUG finish processing query: python odoo11
20211015_204610.644 task_Yaropolov_Oleg_web_service_log DEBUG start processing query: python addon
20211015_204611.518 task_Yaropolov_Oleg_web_service_log INFO found 66 articles for query: python addon
20211015_204611.519 task_Yaropolov_Oleg_web_service_log DEBUG finish processing query: python addon
20211015_204611.521 task_Yaropolov_Oleg_web_service_log DEBUG start processing query: python test
20211015_204612.397 task_Yaropolov_Oleg_web_service_log INFO found 2456 articles for query: python test
20211015_204612.397 task_Yaropolov_Oleg_web_service_log DEBUG finish processing query: python test
20211015_204612.400 task_Yaropolov_Oleg_web_service_log DEBUG start processing query: python component
20211015_204613.176 task_Yaropolov_Oleg_web_service_log INFO found 1741 articles for query: python component
20211015_204613.177 task_Yaropolov_Oleg_web_service_log DEBUG finish processing query: python component
20211015_204613.179 task_Yaropolov_Oleg_web_service_log DEBUG start processing query: python glasswall
20211015_204613.935 task_Yaropolov_Oleg_web_service_log INFO found 7 articles for query: python glasswall
20211015_204613.935 task_Yaropolov_Oleg_web_service_log DEBUG finish processing query: python glasswall
20211015_204613.940 task_Yaropolov_Oleg_web_service_log DEBUG start processing query: python azure
20211015_204614.814 task_Yaropolov_Oleg_web_service_log INFO found 385 articles for query: python azure
20211015_204614.815 task_Yaropolov_Oleg_web_service_log DEBUG finish processing query: python azure
20211015_204614.827 task_Yaropolov_Oleg_web_service_log DEBUG start processing query: python product
20211015_204615.725 task_Yaropolov_Oleg_web_service_log INFO found 2255 articles for query: python product
20211015_204615.726 task_Yaropolov_Oleg_web_service_log DEBUG finish processing query: python product
20211015_204615.728 task_Yaropolov_Oleg_web_service_log DEBUG start processing query: python test
20211015_204616.590 task_Yaropolov_Oleg_web_service_log INFO found 2456 articles for query: python test
20211015_204616.593 task_Yaropolov_Oleg_web_service_log DEBUG finish processing query: python test
20211015_204616.596 task_Yaropolov_Oleg_web_service_log DEBUG start processing query: python automation
20211015_204617.497 task_Yaropolov_Oleg_web_service_log INFO found 371 articles for query: python automation
20211015_204617.497 task_Yaropolov_Oleg_web_service_log DEBUG finish processing query: python automation
20211015_204617.500 task_Yaropolov_Oleg_web_service_log DEBUG start processing query: python funtest
20211015_204618.382 task_Yaropolov_Oleg_web_service_log INFO found 40 articles for query: python funtest
20211015_204618.383 task_Yaropolov_Oleg_web_service_log DEBUG finish processing query: python funtest
20211015_204618.385 task_Yaropolov_Oleg_web_service_log DEBUG start processing query: python ray test
20211015_204619.184 task_Yaropolov_Oleg_web_service_log INFO found 403 articles for query: python ray test
20211015_204619.184 task_Yaropolov_Oleg_web_service_log DEBUG finish processing query: python ray test
20211015_204619.187 task_Yaropolov_Oleg_web_service_log DEBUG start processing query: python pytest console scripts
20211015_204619.979 task_Yaropolov_Oleg_web_service_log INFO found 2 articles for query: python pytest console scripts
20211015_204619.980 task_Yaropolov_Oleg_web_service_log DEBUG finish processing query: python pytest console scripts
20211015_204619.984 task_Yaropolov_Oleg_web_service_log DEBUG start processing query: python pytest notion
20211015_204620.732 task_Yaropolov_Oleg_web_service_log INFO found 3 articles for query: python pytest notion
20211015_204620.732 task_Yaropolov_Oleg_web_service_log DEBUG finish processing query: python pytest notion
20211015_204620.735 task_Yaropolov_Oleg_web_service_log DEBUG start processing query: python test2 tanghao
20211015_204621.638 task_Yaropolov_Oleg_web_service_log INFO found 1 articles for query: python test2 tanghao
20211015_204621.638 task_Yaropolov_Oleg_web_service_log DEBUG finish processing query: python test2 tanghao
20211015_204621.641 task_Yaropolov_Oleg_web_service_log DEBUG start processing query: python pytest telegram
20211015_204622.508 task_Yaropolov_Oleg_web_service_log INFO found 7 articles for query: python pytest telegram
20211015_204622.509 task_Yaropolov_Oleg_web_service_log DEBUG finish processing query: python pytest telegram
20211015_204622.511 task_Yaropolov_Oleg_web_service_log DEBUG start processing query: python test9485
20211015_204623.403 task_Yaropolov_Oleg_web_service_log INFO found 3 articles for query: python test9485
20211015_204623.403 task_Yaropolov_Oleg_web_service_log DEBUG finish processing query: python test9485
20211015_204623.406 task_Yaropolov_Oleg_web_service_log DEBUG start processing query: python flask pytest
20211015_204624.195 task_Yaropolov_Oleg_web_service_log INFO found 2 articles for query: python flask pytest
20211015_204624.195 task_Yaropolov_Oleg_web_service_log DEBUG finish processing query: python flask pytest
20211015_204624.199 task_Yaropolov_Oleg_web_service_log DEBUG start processing query: python redlockfifo test
20211015_204624.853 task_Yaropolov_Oleg_web_service_log INFO found 0 articles for query: python redlockfifo test
20211015_204624.854 task_Yaropolov_Oleg_web_service_log DEBUG finish processing query: python redlockfifo test
20211015_204624.856 task_Yaropolov_Oleg_web_service_log DEBUG start processing query: python pypi test test
20211015_204625.773 task_Yaropolov_Oleg_web_service_log INFO found 28 articles for query: python pypi test test
20211015_204625.774 task_Yaropolov_Oleg_web_service_log DEBUG finish processing query: python pypi test test